2021-05-30 08:47:54.239  INFO [] 4372 --- [Test worker] com.yootk.test.TestMemberService         : Starting TestMemberService using Java 11.0.2 on DESKTOP-O838165 with PID 4372 (started by yootk in H:\workspace\idea\muyan_yootk\microboot\microboot-database)
2021-05-30 08:47:54.241  INFO [] 4372 --- [Test worker] com.yootk.test.TestMemberService         : No active profile set, falling back to default profiles: default
2021-05-30 08:47:56.500  INFO [] 4372 --- [Test worker] trationDelegate$BeanPostProcessorChecker : Bean 'druidSpringConfig' of type [com.yootk.config.DruidSpringConfig$$EnhancerBySpringCGLIB$$e684c447] is not eligible for getting processed by all BeanPostProcessors (for example: not eligible for auto-proxying)
2021-05-30 08:47:56.598  INFO [] 4372 --- [Test worker] trationDelegate$BeanPostProcessorChecker : Bean 'druidStatInterceptor' of type [com.alibaba.druid.support.spring.stat.DruidStatInterceptor] is not eligible for getting processed by all BeanPostProcessors (for example: not eligible for auto-proxying)
2021-05-30 08:47:56.603  INFO [] 4372 --- [Test worker] trationDelegate$BeanPostProcessorChecker : Bean 'druidSpringStatPointcut' of type [org.springframework.aop.support.JdkRegexpMethodPointcut] is not eligible for getting processed by all BeanPostProcessors (for example: not eligible for auto-proxying)
2021-05-30 08:47:56.608  INFO [] 4372 --- [Test worker] trationDelegate$BeanPostProcessorChecker : Bean 'druidSpringStatAdvisor' of type [org.springframework.aop.support.DefaultPointcutAdvisor] is not eligible for getting processed by all BeanPostProcessors (for example: not eligible for auto-proxying)
2021-05-30 08:47:58.047  INFO [] 4372 --- [Test worker] o.s.s.concurrent.ThreadPoolTaskExecutor  : Initializing ExecutorService 'applicationTaskExecutor'
2021-05-30 08:47:58.762  INFO [] 4372 --- [Test worker] com.yootk.test.TestMemberService         : Started TestMemberService in 5.161 seconds (JVM running for 7.455)
2021-05-30 08:47:59.996  INFO [] 4372 --- [Test worker] com.alibaba.druid.pool.DruidDataSource   : {dataSource-1} inited
2021-05-30 08:48:00.313 ERROR [] 4372 --- [Test worker] c.alibaba.druid.filter.stat.StatFilter   : slow sql 10 millis. SELECT mid, name, age, salary, birthday, content FROM member;[]
2021-05-30 08:48:00.392  INFO [] 4372 --- [SpringContextShutdownHook] o.s.s.concurrent.ThreadPoolTaskExecutor  : Shutting down ExecutorService 'applicationTaskExecutor'
2021-05-30 08:48:00.394  INFO [] 4372 --- [SpringContextShutdownHook] com.alibaba.druid.pool.DruidDataSource   : {dataSource-1} closing ...
2021-05-30 08:48:00.398  INFO [] 4372 --- [SpringContextShutdownHook] com.alibaba.druid.pool.DruidDataSource   : {dataSource-1} closed
2021-05-30 09:14:21.642  INFO [] 14516 --- [Test worker] com.yootk.test.TestMemberService         : Starting TestMemberService using Java 11.0.2 on DESKTOP-O838165 with PID 14516 (started by yootk in H:\workspace\idea\muyan_yootk\microboot\microboot-database)
2021-05-30 09:14:21.650  INFO [] 14516 --- [Test worker] com.yootk.test.TestMemberService         : No active profile set, falling back to default profiles: default
2021-05-30 09:14:23.474  INFO [] 14516 --- [Test worker] trationDelegate$BeanPostProcessorChecker : Bean 'druidSpringConfig' of type [com.yootk.config.DruidSpringConfig$$EnhancerBySpringCGLIB$$297f1647] is not eligible for getting processed by all BeanPostProcessors (for example: not eligible for auto-proxying)
2021-05-30 09:14:23.495  INFO [] 14516 --- [Test worker] trationDelegate$BeanPostProcessorChecker : Bean 'druidStatInterceptor' of type [com.alibaba.druid.support.spring.stat.DruidStatInterceptor] is not eligible for getting processed by all BeanPostProcessors (for example: not eligible for auto-proxying)
2021-05-30 09:14:23.507  INFO [] 14516 --- [Test worker] trationDelegate$BeanPostProcessorChecker : Bean 'druidSpringStatPointcut' of type [org.springframework.aop.support.JdkRegexpMethodPointcut] is not eligible for getting processed by all BeanPostProcessors (for example: not eligible for auto-proxying)
2021-05-30 09:14:23.514  INFO [] 14516 --- [Test worker] trationDelegate$BeanPostProcessorChecker : Bean 'druidSpringStatAdvisor' of type [org.springframework.aop.support.DefaultPointcutAdvisor] is not eligible for getting processed by all BeanPostProcessors (for example: not eligible for auto-proxying)
2021-05-30 09:14:26.098  INFO [] 14516 --- [Test worker] o.s.s.concurrent.ThreadPoolTaskExecutor  : Initializing ExecutorService 'applicationTaskExecutor'
2021-05-30 09:14:26.851  INFO [] 14516 --- [Test worker] com.yootk.test.TestMemberService         : Started TestMemberService in 5.765 seconds (JVM running for 7.065)
2021-05-30 09:14:27.707  INFO [] 14516 --- [Test worker] com.alibaba.druid.pool.DruidDataSource   : {dataSource-1} inited
2021-05-30 09:14:27.994 ERROR [] 14516 --- [Test worker] c.alibaba.druid.filter.stat.StatFilter   : slow sql 7 millis. SELECT mid,name,age,salary,birthday,content,isdel FROM member WHERE mid=?  AND isdel=0["yootk"]
2021-05-30 09:14:28.069  INFO [] 14516 --- [SpringContextShutdownHook] o.s.s.concurrent.ThreadPoolTaskExecutor  : Shutting down ExecutorService 'applicationTaskExecutor'
2021-05-30 09:14:28.072  INFO [] 14516 --- [SpringContextShutdownHook] com.alibaba.druid.pool.DruidDataSource   : {dataSource-1} closing ...
2021-05-30 09:14:28.077  INFO [] 14516 --- [SpringContextShutdownHook] com.alibaba.druid.pool.DruidDataSource   : {dataSource-1} closed
2021-05-30 09:15:38.322  INFO [] 13892 --- [Test worker] com.yootk.test.TestMemberService         : Starting TestMemberService using Java 11.0.2 on DESKTOP-O838165 with PID 13892 (started by yootk in H:\workspace\idea\muyan_yootk\microboot\microboot-database)
2021-05-30 09:15:38.325  INFO [] 13892 --- [Test worker] com.yootk.test.TestMemberService         : No active profile set, falling back to default profiles: default
2021-05-30 09:15:40.211  INFO [] 13892 --- [Test worker] trationDelegate$BeanPostProcessorChecker : Bean 'druidSpringConfig' of type [com.yootk.config.DruidSpringConfig$$EnhancerBySpringCGLIB$$6e046f7a] is not eligible for getting processed by all BeanPostProcessors (for example: not eligible for auto-proxying)
2021-05-30 09:15:40.242  INFO [] 13892 --- [Test worker] trationDelegate$BeanPostProcessorChecker : Bean 'druidStatInterceptor' of type [com.alibaba.druid.support.spring.stat.DruidStatInterceptor] is not eligible for getting processed by all BeanPostProcessors (for example: not eligible for auto-proxying)
2021-05-30 09:15:40.251  INFO [] 13892 --- [Test worker] trationDelegate$BeanPostProcessorChecker : Bean 'druidSpringStatPointcut' of type [org.springframework.aop.support.JdkRegexpMethodPointcut] is not eligible for getting processed by all BeanPostProcessors (for example: not eligible for auto-proxying)
2021-05-30 09:15:40.256  INFO [] 13892 --- [Test worker] trationDelegate$BeanPostProcessorChecker : Bean 'druidSpringStatAdvisor' of type [org.springframework.aop.support.DefaultPointcutAdvisor] is not eligible for getting processed by all BeanPostProcessors (for example: not eligible for auto-proxying)
2021-05-30 09:15:42.183  INFO [] 13892 --- [Test worker] o.s.s.concurrent.ThreadPoolTaskExecutor  : Initializing ExecutorService 'applicationTaskExecutor'
2021-05-30 09:15:42.984  INFO [] 13892 --- [Test worker] com.yootk.test.TestMemberService         : Started TestMemberService in 5.192 seconds (JVM running for 6.555)
2021-05-30 09:15:43.817  INFO [] 13892 --- [Test worker] com.alibaba.druid.pool.DruidDataSource   : {dataSource-1} inited
2021-05-30 09:15:44.254 ERROR [] 13892 --- [Test worker] c.alibaba.druid.filter.stat.StatFilter   : slow sql 96 millis. INSERT INTO member  ( mid,
name,
age,

birthday,
content )  VALUES  ( ?,
?,
?,

?,
? )["yootk - 0.4118141696015971","沐言科技",16,"2021-05-30 09:15:43","www.yootk.com"]
2021-05-30 09:15:44.308  INFO [] 13892 --- [SpringContextShutdownHook] o.s.s.concurrent.ThreadPoolTaskExecutor  : Shutting down ExecutorService 'applicationTaskExecutor'
2021-05-30 09:15:44.309  INFO [] 13892 --- [SpringContextShutdownHook] com.alibaba.druid.pool.DruidDataSource   : {dataSource-1} closing ...
2021-05-30 09:15:44.315  INFO [] 13892 --- [SpringContextShutdownHook] com.alibaba.druid.pool.DruidDataSource   : {dataSource-1} closed
2021-05-30 09:17:34.690  INFO [] 2160 --- [Test worker] com.yootk.test.TestMemberService         : Starting TestMemberService using Java 11.0.2 on DESKTOP-O838165 with PID 2160 (started by yootk in H:\workspace\idea\muyan_yootk\microboot\microboot-database)
2021-05-30 09:17:34.697  INFO [] 2160 --- [Test worker] com.yootk.test.TestMemberService         : No active profile set, falling back to default profiles: default
2021-05-30 09:17:36.559  INFO [] 2160 --- [Test worker] trationDelegate$BeanPostProcessorChecker : Bean 'druidSpringConfig' of type [com.yootk.config.DruidSpringConfig$$EnhancerBySpringCGLIB$$fc4a0177] is not eligible for getting processed by all BeanPostProcessors (for example: not eligible for auto-proxying)
2021-05-30 09:17:36.579  INFO [] 2160 --- [Test worker] trationDelegate$BeanPostProcessorChecker : Bean 'druidStatInterceptor' of type [com.alibaba.druid.support.spring.stat.DruidStatInterceptor] is not eligible for getting processed by all BeanPostProcessors (for example: not eligible for auto-proxying)
2021-05-30 09:17:36.595  INFO [] 2160 --- [Test worker] trationDelegate$BeanPostProcessorChecker : Bean 'druidSpringStatPointcut' of type [org.springframework.aop.support.JdkRegexpMethodPointcut] is not eligible for getting processed by all BeanPostProcessors (for example: not eligible for auto-proxying)
2021-05-30 09:17:36.603  INFO [] 2160 --- [Test worker] trationDelegate$BeanPostProcessorChecker : Bean 'druidSpringStatAdvisor' of type [org.springframework.aop.support.DefaultPointcutAdvisor] is not eligible for getting processed by all BeanPostProcessors (for example: not eligible for auto-proxying)
2021-05-30 09:17:38.511  INFO [] 2160 --- [Test worker] o.s.s.concurrent.ThreadPoolTaskExecutor  : Initializing ExecutorService 'applicationTaskExecutor'
2021-05-30 09:17:39.519  INFO [] 2160 --- [Test worker] com.yootk.test.TestMemberService         : Started TestMemberService in 5.279 seconds (JVM running for 6.566)
2021-05-30 09:17:40.445  INFO [] 2160 --- [Test worker] com.alibaba.druid.pool.DruidDataSource   : {dataSource-1} inited
2021-05-30 09:17:40.703 ERROR [] 2160 --- [Test worker] c.alibaba.druid.filter.stat.StatFilter   : slow sql 14 millis. SELECT COUNT( * ) FROM member 
 WHERE  isdel=0

AND (name LIKE ?)["%沐言%"]
2021-05-30 09:17:40.793 ERROR [] 2160 --- [Test worker] c.alibaba.druid.filter.stat.StatFilter   : slow sql 1 millis. SELECT  mid,name,age,salary,birthday,content,isdel  FROM member 
 WHERE  isdel=0

AND (name LIKE ?) LIMIT ?["%沐言%",5]
2021-05-30 09:17:40.853  INFO [] 2160 --- [SpringContextShutdownHook] o.s.s.concurrent.ThreadPoolTaskExecutor  : Shutting down ExecutorService 'applicationTaskExecutor'
2021-05-30 09:17:40.855  INFO [] 2160 --- [SpringContextShutdownHook] com.alibaba.druid.pool.DruidDataSource   : {dataSource-1} closing ...
2021-05-30 09:17:40.858  INFO [] 2160 --- [SpringContextShutdownHook] com.alibaba.druid.pool.DruidDataSource   : {dataSource-1} closed
2021-05-30 09:18:33.159  INFO [] 5912 --- [Test worker] com.yootk.test.TestMemberService         : Starting TestMemberService using Java 11.0.2 on DESKTOP-O838165 with PID 5912 (started by yootk in H:\workspace\idea\muyan_yootk\microboot\microboot-database)
2021-05-30 09:18:33.161  INFO [] 5912 --- [Test worker] com.yootk.test.TestMemberService         : No active profile set, falling back to default profiles: default
2021-05-30 09:18:34.932  INFO [] 5912 --- [Test worker] trationDelegate$BeanPostProcessorChecker : Bean 'druidSpringConfig' of type [com.yootk.config.DruidSpringConfig$$EnhancerBySpringCGLIB$$1216090d] is not eligible for getting processed by all BeanPostProcessors (for example: not eligible for auto-proxying)
2021-05-30 09:18:34.973  INFO [] 5912 --- [Test worker] trationDelegate$BeanPostProcessorChecker : Bean 'druidStatInterceptor' of type [com.alibaba.druid.support.spring.stat.DruidStatInterceptor] is not eligible for getting processed by all BeanPostProcessors (for example: not eligible for auto-proxying)
2021-05-30 09:18:34.981  INFO [] 5912 --- [Test worker] trationDelegate$BeanPostProcessorChecker : Bean 'druidSpringStatPointcut' of type [org.springframework.aop.support.JdkRegexpMethodPointcut] is not eligible for getting processed by all BeanPostProcessors (for example: not eligible for auto-proxying)
2021-05-30 09:18:34.988  INFO [] 5912 --- [Test worker] trationDelegate$BeanPostProcessorChecker : Bean 'druidSpringStatAdvisor' of type [org.springframework.aop.support.DefaultPointcutAdvisor] is not eligible for getting processed by all BeanPostProcessors (for example: not eligible for auto-proxying)
2021-05-30 09:18:37.299  INFO [] 5912 --- [Test worker] o.s.s.concurrent.ThreadPoolTaskExecutor  : Initializing ExecutorService 'applicationTaskExecutor'
2021-05-30 09:18:38.184  INFO [] 5912 --- [Test worker] com.yootk.test.TestMemberService         : Started TestMemberService in 5.543 seconds (JVM running for 6.79)
2021-05-30 09:18:39.046  INFO [] 5912 --- [Test worker] com.alibaba.druid.pool.DruidDataSource   : {dataSource-1} inited
2021-05-30 09:18:39.389 ERROR [] 5912 --- [Test worker] c.alibaba.druid.filter.stat.StatFilter   : slow sql 106 millis. UPDATE member SET isdel=1 WHERE mid IN (  
?
 , 
?
 , 
?
 )  AND isdel=0["lixinghua","yootk","muyan"]
2021-05-30 09:18:39.418  INFO [] 5912 --- [SpringContextShutdownHook] o.s.s.concurrent.ThreadPoolTaskExecutor  : Shutting down ExecutorService 'applicationTaskExecutor'
2021-05-30 09:18:39.419  INFO [] 5912 --- [SpringContextShutdownHook] com.alibaba.druid.pool.DruidDataSource   : {dataSource-1} closing ...
2021-05-30 09:18:39.422  INFO [] 5912 --- [SpringContextShutdownHook] com.alibaba.druid.pool.DruidDataSource   : {dataSource-1} closed
2021-05-30 09:18:59.843  INFO [] 776 --- [Test worker] com.yootk.test.TestMemberService         : Starting TestMemberService using Java 11.0.2 on DESKTOP-O838165 with PID 776 (started by yootk in H:\workspace\idea\muyan_yootk\microboot\microboot-database)
2021-05-30 09:18:59.849  INFO [] 776 --- [Test worker] com.yootk.test.TestMemberService         : No active profile set, falling back to default profiles: default
2021-05-30 09:19:01.202  INFO [] 776 --- [Test worker] trationDelegate$BeanPostProcessorChecker : Bean 'druidSpringConfig' of type [com.yootk.config.DruidSpringConfig$$EnhancerBySpringCGLIB$$754a7c82] is not eligible for getting processed by all BeanPostProcessors (for example: not eligible for auto-proxying)
2021-05-30 09:19:01.220  INFO [] 776 --- [Test worker] trationDelegate$BeanPostProcessorChecker : Bean 'druidStatInterceptor' of type [com.alibaba.druid.support.spring.stat.DruidStatInterceptor] is not eligible for getting processed by all BeanPostProcessors (for example: not eligible for auto-proxying)
2021-05-30 09:19:01.229  INFO [] 776 --- [Test worker] trationDelegate$BeanPostProcessorChecker : Bean 'druidSpringStatPointcut' of type [org.springframework.aop.support.JdkRegexpMethodPointcut] is not eligible for getting processed by all BeanPostProcessors (for example: not eligible for auto-proxying)
2021-05-30 09:19:01.233  INFO [] 776 --- [Test worker] trationDelegate$BeanPostProcessorChecker : Bean 'druidSpringStatAdvisor' of type [org.springframework.aop.support.DefaultPointcutAdvisor] is not eligible for getting processed by all BeanPostProcessors (for example: not eligible for auto-proxying)
2021-05-30 09:19:02.660  INFO [] 776 --- [Test worker] o.s.s.concurrent.ThreadPoolTaskExecutor  : Initializing ExecutorService 'applicationTaskExecutor'
2021-05-30 09:19:03.303  INFO [] 776 --- [Test worker] com.yootk.test.TestMemberService         : Started TestMemberService in 3.907 seconds (JVM running for 5.3)
2021-05-30 09:19:04.157  INFO [] 776 --- [Test worker] com.alibaba.druid.pool.DruidDataSource   : {dataSource-1} inited
2021-05-30 09:19:04.365 ERROR [] 776 --- [Test worker] c.alibaba.druid.filter.stat.StatFilter   : slow sql 8 millis. SELECT mid, name, age, salary, birthday, content FROM member;[]
2021-05-30 09:19:04.430  INFO [] 776 --- [SpringContextShutdownHook] o.s.s.concurrent.ThreadPoolTaskExecutor  : Shutting down ExecutorService 'applicationTaskExecutor'
2021-05-30 09:19:04.432  INFO [] 776 --- [SpringContextShutdownHook] com.alibaba.druid.pool.DruidDataSource   : {dataSource-1} closing ...
2021-05-30 09:19:04.435  INFO [] 776 --- [SpringContextShutdownHook] com.alibaba.druid.pool.DruidDataSource   : {dataSource-1} closed
