2021-04-18 14:35:01.930  INFO [] 4912 --- [Test worker] com.yootk.test.TestEvent                 : Starting TestEvent using Java 11.0.2 on DESKTOP-O838165 with PID 4912 (started by yootk in H:\workspace\idea\muyan_yootk\microboot\microboot-web)
2021-04-18 14:35:01.931  INFO [] 4912 --- [Test worker] com.yootk.test.TestEvent                 : The following profiles are active: env
2021-04-18 14:35:02.865  INFO [] 4912 --- [Test worker] .s.d.r.c.RepositoryConfigurationDelegate : Multiple Spring Data modules found, entering strict repository configuration mode!
2021-04-18 14:35:02.868  INFO [] 4912 --- [Test worker] .s.d.r.c.RepositoryConfigurationDelegate : Bootstrapping Spring Data Redis repositories in DEFAULT mode.
2021-04-18 14:35:02.896  INFO [] 4912 --- [Test worker] .s.d.r.c.RepositoryConfigurationDelegate : Finished Spring Data repository scanning in 12 ms. Found 0 Redis repository interfaces.
2021-04-18 14:35:04.308  INFO [] 4912 --- [Test worker] o.s.s.concurrent.ThreadPoolTaskExecutor  : Initializing ExecutorService 'applicationTaskExecutor'
2021-04-18 14:35:05.439  INFO [] 4912 --- [Test worker] com.yootk.config.DynmaicScheduleConfig   : 设置当前的CRON表达式：*/2 * * * * ?
2021-04-18 14:35:05.451  INFO [] 4912 --- [Test worker] com.yootk.test.TestEvent                 : Started TestEvent in 3.985 seconds (JVM running for 5.701)
2021-04-18 14:35:06.052  INFO [] 4912 --- [Test worker] com.yootk.event.listener.YootkListener   : 事件处理：com.yootk.event.YootkEvent[source=com.yootk.test.TestEvent@f5e176d]
2021-04-18 14:35:06.062  INFO [] 4912 --- [Test worker] com.yootk.event.YootkEvent               : message = Message(title=沐言科技, url=www.yootk.com)
2021-04-18 14:35:06.132  INFO [] 4912 --- [SpringContextShutdownHook] o.s.s.concurrent.ThreadPoolTaskExecutor  : Shutting down ExecutorService 'applicationTaskExecutor'
2021-04-18 14:35:06.898 ERROR [] 4912 --- [pool-2-thread-1] o.s.s.s.TaskUtils$LoggingErrorHandler    : Unexpected error occurred in scheduled task

org.springframework.data.redis.RedisConnectionFailureException: Unable to connect to Redis; nested exception is org.springframework.data.redis.connection.PoolException: Could not get a resource from the pool; nested exception is io.lettuce.core.RedisConnectionException: Unable to connect to 192.168.190.130:6379
	at org.springframework.data.redis.connection.lettuce.LettuceConnectionFactory$ExceptionTranslatingConnectionProvider.translateException(LettuceConnectionFactory.java:1553)
	at org.springframework.data.redis.connection.lettuce.LettuceConnectionFactory$ExceptionTranslatingConnectionProvider.getConnection(LettuceConnectionFactory.java:1461)
	at org.springframework.data.redis.connection.lettuce.LettuceConnectionFactory$SharedConnection.getNativeConnection(LettuceConnectionFactory.java:1247)
	at org.springframework.data.redis.connection.lettuce.LettuceConnectionFactory$SharedConnection.getConnection(LettuceConnectionFactory.java:1230)
	at org.springframework.data.redis.connection.lettuce.LettuceConnectionFactory.getSharedConnection(LettuceConnectionFactory.java:979)
	at org.springframework.data.redis.connection.lettuce.LettuceConnectionFactory.getConnection(LettuceConnectionFactory.java:359)
	at org.springframework.data.redis.core.RedisConnectionUtils.fetchConnection(RedisConnectionUtils.java:193)
	at org.springframework.data.redis.core.RedisConnectionUtils.doGetConnection(RedisConnectionUtils.java:144)
	at org.springframework.data.redis.core.RedisConnectionUtils.getConnection(RedisConnectionUtils.java:105)
	at org.springframework.data.redis.core.RedisTemplate.execute(RedisTemplate.java:209)
	at org.springframework.data.redis.core.RedisTemplate.execute(RedisTemplate.java:189)
	at net.javacrumbs.shedlock.provider.redis.spring.RedisLockProvider.tryToSetExpiration(RedisLockProvider.java:147)
	at net.javacrumbs.shedlock.provider.redis.spring.RedisLockProvider.lock(RedisLockProvider.java:99)
	at java.base/jdk.internal.reflect.NativeMethodAccessorImpl.invoke0(Native Method)
	at java.base/jdk.internal.reflect.NativeMethodAccessorImpl.invoke(NativeMethodAccessorImpl.java:62)
	at java.base/jdk.internal.reflect.DelegatingMethodAccessorImpl.invoke(DelegatingMethodAccessorImpl.java:43)
	at java.base/java.lang.reflect.Method.invoke(Method.java:566)
	at org.springframework.aop.support.AopUtils.invokeJoinpointUsingReflection(AopUtils.java:344)
	at org.springframework.aop.framework.JdkDynamicAopProxy.invoke(JdkDynamicAopProxy.java:208)
	at com.sun.proxy.$Proxy78.lock(Unknown Source)
	at net.javacrumbs.shedlock.core.DefaultLockingTaskExecutor.executeWithLock(DefaultLockingTaskExecutor.java:63)
	at net.javacrumbs.shedlock.spring.aop.MethodProxyScheduledLockAdvisor$LockingInterceptor.invoke(MethodProxyScheduledLockAdvisor.java:86)
	at org.springframework.aop.framework.ReflectiveMethodInvocation.proceed(ReflectiveMethodInvocation.java:186)
	at org.springframework.aop.framework.CglibAopProxy$CglibMethodInvocation.proceed(CglibAopProxy.java:750)
	at org.springframework.aop.framework.CglibAopProxy$DynamicAdvisedInterceptor.intercept(CglibAopProxy.java:692)
	at com.yootk.task.YootkScheduleTask$$EnhancerBySpringCGLIB$$70dddeb2.task(<generated>)
	at com.yootk.config.DynmaicScheduleConfig.lambda$configureTasks$0(DynmaicScheduleConfig.java:22)
	at org.springframework.scheduling.support.DelegatingErrorHandlingRunnable.run(DelegatingErrorHandlingRunnable.java:54)
	at org.springframework.scheduling.concurrent.ReschedulingRunnable.run(ReschedulingRunnable.java:95)
	at java.base/java.util.concurrent.Executors$RunnableAdapter.call(Executors.java:515)
	at java.base/java.util.concurrent.FutureTask.run(FutureTask.java:264)
	at java.base/java.util.concurrent.ScheduledThreadPoolExecutor$ScheduledFutureTask.run(ScheduledThreadPoolExecutor.java:304)
	at java.base/java.util.concurrent.ThreadPoolExecutor.runWorker(ThreadPoolExecutor.java:1128)
	at java.base/java.util.concurrent.ThreadPoolExecutor$Worker.run(ThreadPoolExecutor.java:628)
	at java.base/java.lang.Thread.run(Thread.java:834)
Caused by: org.springframework.data.redis.connection.PoolException: Could not get a resource from the pool; nested exception is io.lettuce.core.RedisConnectionException: Unable to connect to 192.168.190.130:6379
	at org.springframework.data.redis.connection.lettuce.LettucePoolingConnectionProvider.getConnection(LettucePoolingConnectionProvider.java:109)
	at org.springframework.data.redis.connection.lettuce.LettuceConnectionFactory$ExceptionTranslatingConnectionProvider.getConnection(LettuceConnectionFactory.java:1459)
	... 33 common frames omitted
Caused by: io.lettuce.core.RedisConnectionException: Unable to connect to 192.168.190.130:6379
	at io.lettuce.core.RedisConnectionException.create(RedisConnectionException.java:78)
	at io.lettuce.core.RedisConnectionException.create(RedisConnectionException.java:56)
	at io.lettuce.core.AbstractRedisClient.getConnection(AbstractRedisClient.java:320)
	at io.lettuce.core.RedisClient.connect(RedisClient.java:211)
	at org.springframework.data.redis.connection.lettuce.StandaloneConnectionProvider.lambda$getConnection$1(StandaloneConnectionProvider.java:115)
	at java.base/java.util.Optional.orElseGet(Optional.java:369)
	at org.springframework.data.redis.connection.lettuce.StandaloneConnectionProvider.getConnection(StandaloneConnectionProvider.java:115)
	at org.springframework.data.redis.connection.lettuce.LettucePoolingConnectionProvider.lambda$null$0(LettucePoolingConnectionProvider.java:97)
	at io.lettuce.core.support.ConnectionPoolSupport$RedisPooledObjectFactory.create(ConnectionPoolSupport.java:211)
	at io.lettuce.core.support.ConnectionPoolSupport$RedisPooledObjectFactory.create(ConnectionPoolSupport.java:201)
	at org.apache.commons.pool2.BasePooledObjectFactory.makeObject(BasePooledObjectFactory.java:58)
	at org.apache.commons.pool2.impl.GenericObjectPool.create(GenericObjectPool.java:918)
	at org.apache.commons.pool2.impl.GenericObjectPool.borrowObject(GenericObjectPool.java:431)
	at org.apache.commons.pool2.impl.GenericObjectPool.borrowObject(GenericObjectPool.java:356)
	at io.lettuce.core.support.ConnectionPoolSupport$1.borrowObject(ConnectionPoolSupport.java:122)
	at io.lettuce.core.support.ConnectionPoolSupport$1.borrowObject(ConnectionPoolSupport.java:117)
	at org.springframework.data.redis.connection.lettuce.LettucePoolingConnectionProvider.getConnection(LettucePoolingConnectionProvider.java:103)
	... 34 common frames omitted
Caused by: io.netty.channel.ConnectTimeoutException: connection timed out: /192.168.190.130:6379
	at io.netty.channel.nio.AbstractNioChannel$AbstractNioUnsafe$1.run(AbstractNioChannel.java:261)
	at io.netty.util.concurrent.PromiseTask.runTask(PromiseTask.java:98)
	at io.netty.util.concurrent.ScheduledFutureTask.run(ScheduledFutureTask.java:170)
	at io.netty.util.concurrent.AbstractEventExecutor.safeExecute(AbstractEventExecutor.java:164)
	at io.netty.util.concurrent.SingleThreadEventExecutor.runAllTasks(SingleThreadEventExecutor.java:472)
	at io.netty.channel.nio.NioEventLoop.run(NioEventLoop.java:500)
	at io.netty.util.concurrent.SingleThreadEventExecutor$4.run(SingleThreadEventExecutor.java:989)
	at io.netty.util.internal.ThreadExecutorMap$2.run(ThreadExecutorMap.java:74)
	at io.netty.util.concurrent.FastThreadLocalRunnable.run(FastThreadLocalRunnable.java:30)
	... 1 common frames omitted

2021-04-18 14:35:06.908  INFO [] 4912 --- [pool-2-thread-1] com.yootk.config.DynmaicScheduleConfig   : 设置当前的CRON表达式：*/2 * * * * ?
2021-04-18 14:35:35.129  INFO [] 3104 --- [Test worker] com.yootk.test.TestEvent                 : Starting TestEvent using Java 11.0.2 on DESKTOP-O838165 with PID 3104 (started by yootk in H:\workspace\idea\muyan_yootk\microboot\microboot-web)
2021-04-18 14:35:35.130  INFO [] 3104 --- [Test worker] com.yootk.test.TestEvent                 : The following profiles are active: env
2021-04-18 14:35:36.053  INFO [] 3104 --- [Test worker] .s.d.r.c.RepositoryConfigurationDelegate : Multiple Spring Data modules found, entering strict repository configuration mode!
2021-04-18 14:35:36.059  INFO [] 3104 --- [Test worker] .s.d.r.c.RepositoryConfigurationDelegate : Bootstrapping Spring Data Redis repositories in DEFAULT mode.
2021-04-18 14:35:36.092  INFO [] 3104 --- [Test worker] .s.d.r.c.RepositoryConfigurationDelegate : Finished Spring Data repository scanning in 13 ms. Found 0 Redis repository interfaces.
2021-04-18 14:35:37.419  INFO [] 3104 --- [Test worker] o.s.s.concurrent.ThreadPoolTaskExecutor  : Initializing ExecutorService 'applicationTaskExecutor'
2021-04-18 14:35:38.302  INFO [] 3104 --- [Test worker] com.yootk.config.DynmaicScheduleConfig   : 设置当前的CRON表达式：*/2 * * * * ?
2021-04-18 14:35:38.314  INFO [] 3104 --- [Test worker] com.yootk.test.TestEvent                 : Started TestEvent in 3.647 seconds (JVM running for 5.153)
2021-04-18 14:35:38.839  INFO [] 3104 --- [Test worker] com.yootk.event.listener.YootkListener   : 事件处理：com.yootk.event.YootkEvent[source=com.yootk.test.TestEvent@17b322f0]
2021-04-18 14:35:38.839  INFO [] 3104 --- [Test worker] com.yootk.event.YootkEvent               : message = Message(title=沐言科技, url=www.yootk.com)
2021-04-18 14:35:38.873  INFO [] 3104 --- [SpringContextShutdownHook] o.s.s.concurrent.ThreadPoolTaskExecutor  : Shutting down ExecutorService 'applicationTaskExecutor'
2021-04-18 14:37:41.691  INFO [] 10512 --- [Test worker] com.yootk.test.TestEvent                 : Starting TestEvent using Java 11.0.2 on DESKTOP-O838165 with PID 10512 (started by yootk in H:\workspace\idea\muyan_yootk\microboot\microboot-web)
2021-04-18 14:37:41.692  INFO [] 10512 --- [Test worker] com.yootk.test.TestEvent                 : The following profiles are active: env
2021-04-18 14:37:42.952  INFO [] 10512 --- [Test worker] .s.d.r.c.RepositoryConfigurationDelegate : Multiple Spring Data modules found, entering strict repository configuration mode!
2021-04-18 14:37:42.955  INFO [] 10512 --- [Test worker] .s.d.r.c.RepositoryConfigurationDelegate : Bootstrapping Spring Data Redis repositories in DEFAULT mode.
2021-04-18 14:37:42.989  INFO [] 10512 --- [Test worker] .s.d.r.c.RepositoryConfigurationDelegate : Finished Spring Data repository scanning in 22 ms. Found 0 Redis repository interfaces.
2021-04-18 14:37:44.385  INFO [] 10512 --- [Test worker] o.s.s.concurrent.ThreadPoolTaskExecutor  : Initializing ExecutorService 'applicationTaskExecutor'
2021-04-18 14:37:45.065  INFO [] 10512 --- [Test worker] com.yootk.config.DynmaicScheduleConfig   : 设置当前的CRON表达式：*/2 * * * * ?
2021-04-18 14:37:45.087  INFO [] 10512 --- [Test worker] com.yootk.test.TestEvent                 : Started TestEvent in 3.851 seconds (JVM running for 5.133)
2021-04-18 14:37:45.500  INFO [] 10512 --- [Test worker] com.yootk.event.listener.YootkListener   : 事件处理：com.yootk.event.YootkEvent[source=com.yootk.test.TestEvent@546b84fd]
2021-04-18 14:37:45.501  INFO [] 10512 --- [Test worker] com.yootk.event.YootkEvent               : message = Message(title=沐言科技, url=www.yootk.com)
2021-04-18 14:37:45.535  INFO [] 10512 --- [SpringContextShutdownHook] o.s.s.concurrent.ThreadPoolTaskExecutor  : Shutting down ExecutorService 'applicationTaskExecutor'
2021-04-18 14:50:26.328  INFO [] 14220 --- [Test worker] com.yootk.test.TestEvent                 : Starting TestEvent using Java 11.0.2 on DESKTOP-O838165 with PID 14220 (started by yootk in H:\workspace\idea\muyan_yootk\microboot\microboot-web)
2021-04-18 14:50:26.330  INFO [] 14220 --- [Test worker] com.yootk.test.TestEvent                 : The following profiles are active: env
2021-04-18 14:50:27.595  INFO [] 14220 --- [Test worker] .s.d.r.c.RepositoryConfigurationDelegate : Multiple Spring Data modules found, entering strict repository configuration mode!
2021-04-18 14:50:27.599  INFO [] 14220 --- [Test worker] .s.d.r.c.RepositoryConfigurationDelegate : Bootstrapping Spring Data Redis repositories in DEFAULT mode.
2021-04-18 14:50:27.623  INFO [] 14220 --- [Test worker] .s.d.r.c.RepositoryConfigurationDelegate : Finished Spring Data repository scanning in 12 ms. Found 0 Redis repository interfaces.
2021-04-18 14:50:29.565  INFO [] 14220 --- [Test worker] o.s.s.concurrent.ThreadPoolTaskExecutor  : Initializing ExecutorService 'applicationTaskExecutor'
2021-04-18 14:50:30.488  INFO [] 14220 --- [Test worker] com.yootk.config.DynmaicScheduleConfig   : 设置当前的CRON表达式：*/2 * * * * ?
2021-04-18 14:50:30.503  INFO [] 14220 --- [Test worker] com.yootk.config.EventListenerConfig     : 【handleAllEvent()】org.springframework.context.event.ContextRefreshedEvent[source=org.springframework.web.context.support.GenericWebApplicationContext@5deec3bf, started on Sun Apr 18 14:50:26 CST 2021]
2021-04-18 14:50:30.529  INFO [] 14220 --- [Test worker] com.yootk.test.TestEvent                 : Started TestEvent in 4.612 seconds (JVM running for 5.857)
2021-04-18 14:50:30.598  INFO [] 14220 --- [Test worker] com.yootk.config.EventListenerConfig     : 【handleAllEvent()】org.springframework.boot.context.event.ApplicationStartedEvent[source=org.springframework.boot.SpringApplication@35db1199]
2021-04-18 14:50:30.600  INFO [] 14220 --- [Test worker] com.yootk.config.EventListenerConfig     : 【handleAllEvent()】CORRECT
2021-04-18 14:50:30.603  INFO [] 14220 --- [Test worker] com.yootk.config.EventListenerConfig     : 【handleAllEvent()】org.springframework.boot.context.event.ApplicationReadyEvent[source=org.springframework.boot.SpringApplication@35db1199]
2021-04-18 14:50:30.607  INFO [] 14220 --- [Test worker] com.yootk.config.EventListenerConfig     : 【handleAllEvent()】ACCEPTING_TRAFFIC
2021-04-18 14:50:30.638  INFO [] 14220 --- [Test worker] com.yootk.config.EventListenerConfig     : 【handleAllEvent()】org.springframework.test.context.event.PrepareTestInstanceEvent[source=[DefaultTestContext@1f812811 testClass = TestEvent, testInstance = com.yootk.test.TestEvent@7fc47689, testMethod = [null], testException = [null], mergedContextConfiguration = [WebMergedContextConfiguration@5eda766c testClass = TestEvent, locations = '{}', classes = '{class com.yootk.StartSpringBootApplication}', contextInitializerClasses = '[]', activeProfiles = '{}', propertySourceLocations = '{}', propertySourceProperties = '{org.springframework.boot.test.context.SpringBootTestContextBootstrapper=true}', contextCustomizers = set[org.springframework.boot.test.autoconfigure.actuate.metrics.MetricsExportContextCustomizerFactory$DisableMetricExportContextCustomizer@31dda322, org.springframework.boot.test.autoconfigure.properties.PropertyMappingContextCustomizer@0, org.springframework.boot.test.autoconfigure.web.servlet.WebDriverContextCustomizerFactory$Customizer@616c8691, org.springframework.boot.test.context.filter.ExcludeFilterContextCustomizer@774f1840, org.springframework.boot.test.json.DuplicateJsonObjectContextCustomizerFactory$DuplicateJsonObjectContextCustomizer@77f6485e, org.springframework.boot.test.mock.mockito.MockitoContextCustomizer@0, org.springframework.boot.test.web.client.TestRestTemplateContextCustomizer@70513d53, org.springframework.test.context.web.socket.MockServerContainerContextCustomizer@1a4b7c57, org.springframework.boot.test.context.SpringBootTestArgs@1, org.springframework.boot.test.context.SpringBootTestWebEnvironment@1f8f742c], resourceBasePath = 'src/main/webapp', contextLoader = 'org.springframework.boot.test.context.SpringBootContextLoader', parent = [null]], attributes = map['org.springframework.test.context.web.ServletTestExecutionListener.activateListener' -> true, 'org.springframework.test.context.web.ServletTestExecutionListener.populatedRequestContextHolder' -> true, 'org.springframework.test.context.web.ServletTestExecutionListener.resetRequestContextHolder' -> true, 'org.springframework.test.context.event.ApplicationEventsTestExecutionListener.recordApplicationEvents' -> false]]]
2021-04-18 14:50:30.651  INFO [] 14220 --- [Test worker] com.yootk.config.EventListenerConfig     : 【handleAllEvent()】org.springframework.test.context.event.BeforeTestMethodEvent[source=[DefaultTestContext@1f812811 testClass = TestEvent, testInstance = com.yootk.test.TestEvent@7fc47689, testMethod = testEvent@TestEvent, testException = [null], mergedContextConfiguration = [WebMergedContextConfiguration@5eda766c testClass = TestEvent, locations = '{}', classes = '{class com.yootk.StartSpringBootApplication}', contextInitializerClasses = '[]', activeProfiles = '{}', propertySourceLocations = '{}', propertySourceProperties = '{org.springframework.boot.test.context.SpringBootTestContextBootstrapper=true}', contextCustomizers = set[org.springframework.boot.test.autoconfigure.actuate.metrics.MetricsExportContextCustomizerFactory$DisableMetricExportContextCustomizer@31dda322, org.springframework.boot.test.autoconfigure.properties.PropertyMappingContextCustomizer@0, org.springframework.boot.test.autoconfigure.web.servlet.WebDriverContextCustomizerFactory$Customizer@616c8691, org.springframework.boot.test.context.filter.ExcludeFilterContextCustomizer@774f1840, org.springframework.boot.test.json.DuplicateJsonObjectContextCustomizerFactory$DuplicateJsonObjectContextCustomizer@77f6485e, org.springframework.boot.test.mock.mockito.MockitoContextCustomizer@0, org.springframework.boot.test.web.client.TestRestTemplateContextCustomizer@70513d53, org.springframework.test.context.web.socket.MockServerContainerContextCustomizer@1a4b7c57, org.springframework.boot.test.context.SpringBootTestArgs@1, org.springframework.boot.test.context.SpringBootTestWebEnvironment@1f8f742c], resourceBasePath = 'src/main/webapp', contextLoader = 'org.springframework.boot.test.context.SpringBootContextLoader', parent = [null]], attributes = map['org.springframework.test.context.web.ServletTestExecutionListener.activateListener' -> true, 'org.springframework.test.context.web.ServletTestExecutionListener.populatedRequestContextHolder' -> true, 'org.springframework.test.context.web.ServletTestExecutionListener.resetRequestContextHolder' -> true, 'org.springframework.test.context.event.ApplicationEventsTestExecutionListener.recordApplicationEvents' -> false]]]
2021-04-18 14:50:31.065  INFO [] 14220 --- [Test worker] com.yootk.config.EventListenerConfig     : 【handleAllEvent()】org.springframework.test.context.event.BeforeTestExecutionEvent[source=[DefaultTestContext@1f812811 testClass = TestEvent, testInstance = com.yootk.test.TestEvent@7fc47689, testMethod = testEvent@TestEvent, testException = [null], mergedContextConfiguration = [WebMergedContextConfiguration@5eda766c testClass = TestEvent, locations = '{}', classes = '{class com.yootk.StartSpringBootApplication}', contextInitializerClasses = '[]', activeProfiles = '{}', propertySourceLocations = '{}', propertySourceProperties = '{org.springframework.boot.test.context.SpringBootTestContextBootstrapper=true}', contextCustomizers = set[org.springframework.boot.test.autoconfigure.actuate.metrics.MetricsExportContextCustomizerFactory$DisableMetricExportContextCustomizer@31dda322, org.springframework.boot.test.autoconfigure.properties.PropertyMappingContextCustomizer@0, org.springframework.boot.test.autoconfigure.web.servlet.WebDriverContextCustomizerFactory$Customizer@616c8691, org.springframework.boot.test.context.filter.ExcludeFilterContextCustomizer@774f1840, org.springframework.boot.test.json.DuplicateJsonObjectContextCustomizerFactory$DuplicateJsonObjectContextCustomizer@77f6485e, org.springframework.boot.test.mock.mockito.MockitoContextCustomizer@0, org.springframework.boot.test.web.client.TestRestTemplateContextCustomizer@70513d53, org.springframework.test.context.web.socket.MockServerContainerContextCustomizer@1a4b7c57, org.springframework.boot.test.context.SpringBootTestArgs@1, org.springframework.boot.test.context.SpringBootTestWebEnvironment@1f8f742c], resourceBasePath = 'src/main/webapp', contextLoader = 'org.springframework.boot.test.context.SpringBootContextLoader', parent = [null]], attributes = map['org.springframework.test.context.web.ServletTestExecutionListener.activateListener' -> true, 'org.springframework.test.context.web.ServletTestExecutionListener.populatedRequestContextHolder' -> true, 'org.springframework.test.context.web.ServletTestExecutionListener.resetRequestContextHolder' -> true, 'org.springframework.test.context.event.ApplicationEventsTestExecutionListener.recordApplicationEvents' -> false]]]
2021-04-18 14:50:31.073  INFO [] 14220 --- [Test worker] com.yootk.config.EventListenerConfig     : 【handleAllEvent()】org.springframework.test.context.event.AfterTestExecutionEvent[source=[DefaultTestContext@1f812811 testClass = TestEvent, testInstance = com.yootk.test.TestEvent@7fc47689, testMethod = testEvent@TestEvent, testException = [null], mergedContextConfiguration = [WebMergedContextConfiguration@5eda766c testClass = TestEvent, locations = '{}', classes = '{class com.yootk.StartSpringBootApplication}', contextInitializerClasses = '[]', activeProfiles = '{}', propertySourceLocations = '{}', propertySourceProperties = '{org.springframework.boot.test.context.SpringBootTestContextBootstrapper=true}', contextCustomizers = set[org.springframework.boot.test.autoconfigure.actuate.metrics.MetricsExportContextCustomizerFactory$DisableMetricExportContextCustomizer@31dda322, org.springframework.boot.test.autoconfigure.properties.PropertyMappingContextCustomizer@0, org.springframework.boot.test.autoconfigure.web.servlet.WebDriverContextCustomizerFactory$Customizer@616c8691, org.springframework.boot.test.context.filter.ExcludeFilterContextCustomizer@774f1840, org.springframework.boot.test.json.DuplicateJsonObjectContextCustomizerFactory$DuplicateJsonObjectContextCustomizer@77f6485e, org.springframework.boot.test.mock.mockito.MockitoContextCustomizer@0, org.springframework.boot.test.web.client.TestRestTemplateContextCustomizer@70513d53, org.springframework.test.context.web.socket.MockServerContainerContextCustomizer@1a4b7c57, org.springframework.boot.test.context.SpringBootTestArgs@1, org.springframework.boot.test.context.SpringBootTestWebEnvironment@1f8f742c], resourceBasePath = 'src/main/webapp', contextLoader = 'org.springframework.boot.test.context.SpringBootContextLoader', parent = [null]], attributes = map['org.springframework.test.context.web.ServletTestExecutionListener.activateListener' -> true, 'org.springframework.test.context.web.ServletTestExecutionListener.populatedRequestContextHolder' -> true, 'org.springframework.test.context.web.ServletTestExecutionListener.resetRequestContextHolder' -> true, 'org.springframework.test.context.event.ApplicationEventsTestExecutionListener.recordApplicationEvents' -> false]]]
2021-04-18 14:50:31.080  INFO [] 14220 --- [Test worker] com.yootk.config.EventListenerConfig     : 【handleAllEvent()】org.springframework.test.context.event.AfterTestMethodEvent[source=[DefaultTestContext@1f812811 testClass = TestEvent, testInstance = com.yootk.test.TestEvent@7fc47689, testMethod = testEvent@TestEvent, testException = [null], mergedContextConfiguration = [WebMergedContextConfiguration@5eda766c testClass = TestEvent, locations = '{}', classes = '{class com.yootk.StartSpringBootApplication}', contextInitializerClasses = '[]', activeProfiles = '{}', propertySourceLocations = '{}', propertySourceProperties = '{org.springframework.boot.test.context.SpringBootTestContextBootstrapper=true}', contextCustomizers = set[org.springframework.boot.test.autoconfigure.actuate.metrics.MetricsExportContextCustomizerFactory$DisableMetricExportContextCustomizer@31dda322, org.springframework.boot.test.autoconfigure.properties.PropertyMappingContextCustomizer@0, org.springframework.boot.test.autoconfigure.web.servlet.WebDriverContextCustomizerFactory$Customizer@616c8691, org.springframework.boot.test.context.filter.ExcludeFilterContextCustomizer@774f1840, org.springframework.boot.test.json.DuplicateJsonObjectContextCustomizerFactory$DuplicateJsonObjectContextCustomizer@77f6485e, org.springframework.boot.test.mock.mockito.MockitoContextCustomizer@0, org.springframework.boot.test.web.client.TestRestTemplateContextCustomizer@70513d53, org.springframework.test.context.web.socket.MockServerContainerContextCustomizer@1a4b7c57, org.springframework.boot.test.context.SpringBootTestArgs@1, org.springframework.boot.test.context.SpringBootTestWebEnvironment@1f8f742c], resourceBasePath = 'src/main/webapp', contextLoader = 'org.springframework.boot.test.context.SpringBootContextLoader', parent = [null]], attributes = map['org.springframework.test.context.web.ServletTestExecutionListener.activateListener' -> true, 'org.springframework.test.context.web.ServletTestExecutionListener.populatedRequestContextHolder' -> true, 'org.springframework.test.context.web.ServletTestExecutionListener.resetRequestContextHolder' -> true, 'org.springframework.test.context.event.ApplicationEventsTestExecutionListener.recordApplicationEvents' -> false]]]
2021-04-18 14:50:31.088  INFO [] 14220 --- [Test worker] com.yootk.config.EventListenerConfig     : 【handleAllEvent()】org.springframework.test.context.event.AfterTestClassEvent[source=[DefaultTestContext@1f812811 testClass = TestEvent, testInstance = [null], testMethod = [null], testException = [null], mergedContextConfiguration = [WebMergedContextConfiguration@5eda766c testClass = TestEvent, locations = '{}', classes = '{class com.yootk.StartSpringBootApplication}', contextInitializerClasses = '[]', activeProfiles = '{}', propertySourceLocations = '{}', propertySourceProperties = '{org.springframework.boot.test.context.SpringBootTestContextBootstrapper=true}', contextCustomizers = set[org.springframework.boot.test.autoconfigure.actuate.metrics.MetricsExportContextCustomizerFactory$DisableMetricExportContextCustomizer@31dda322, org.springframework.boot.test.autoconfigure.properties.PropertyMappingContextCustomizer@0, org.springframework.boot.test.autoconfigure.web.servlet.WebDriverContextCustomizerFactory$Customizer@616c8691, org.springframework.boot.test.context.filter.ExcludeFilterContextCustomizer@774f1840, org.springframework.boot.test.json.DuplicateJsonObjectContextCustomizerFactory$DuplicateJsonObjectContextCustomizer@77f6485e, org.springframework.boot.test.mock.mockito.MockitoContextCustomizer@0, org.springframework.boot.test.web.client.TestRestTemplateContextCustomizer@70513d53, org.springframework.test.context.web.socket.MockServerContainerContextCustomizer@1a4b7c57, org.springframework.boot.test.context.SpringBootTestArgs@1, org.springframework.boot.test.context.SpringBootTestWebEnvironment@1f8f742c], resourceBasePath = 'src/main/webapp', contextLoader = 'org.springframework.boot.test.context.SpringBootContextLoader', parent = [null]], attributes = map['org.springframework.test.context.web.ServletTestExecutionListener.activateListener' -> true, 'org.springframework.test.context.event.ApplicationEventsTestExecutionListener.recordApplicationEvents' -> false, 'org.springframework.test.context.support.DependencyInjectionTestExecutionListener.reinjectDependencies' -> true]]]
2021-04-18 14:50:31.098  INFO [] 14220 --- [SpringContextShutdownHook] com.yootk.config.EventListenerConfig     : 【handleAllEvent()】org.springframework.context.event.ContextClosedEvent[source=org.springframework.web.context.support.GenericWebApplicationContext@5deec3bf, started on Sun Apr 18 14:50:26 CST 2021]
2021-04-18 14:50:31.100  INFO [] 14220 --- [SpringContextShutdownHook] o.s.s.concurrent.ThreadPoolTaskExecutor  : Shutting down ExecutorService 'applicationTaskExecutor'
2021-04-18 14:55:52.448  INFO [] 1684 --- [Test worker] com.yootk.test.TestEvent                 : Starting TestEvent using Java 11.0.2 on DESKTOP-O838165 with PID 1684 (started by yootk in H:\workspace\idea\muyan_yootk\microboot\microboot-web)
2021-04-18 14:55:52.449  INFO [] 1684 --- [Test worker] com.yootk.test.TestEvent                 : The following profiles are active: env
2021-04-18 14:55:53.367  INFO [] 1684 --- [Test worker] .s.d.r.c.RepositoryConfigurationDelegate : Multiple Spring Data modules found, entering strict repository configuration mode!
2021-04-18 14:55:53.370  INFO [] 1684 --- [Test worker] .s.d.r.c.RepositoryConfigurationDelegate : Bootstrapping Spring Data Redis repositories in DEFAULT mode.
2021-04-18 14:55:53.399  INFO [] 1684 --- [Test worker] .s.d.r.c.RepositoryConfigurationDelegate : Finished Spring Data repository scanning in 12 ms. Found 0 Redis repository interfaces.
2021-04-18 14:55:54.874  INFO [] 1684 --- [Test worker] o.s.s.concurrent.ThreadPoolTaskExecutor  : Initializing ExecutorService 'applicationTaskExecutor'
2021-04-18 14:55:55.571  INFO [] 1684 --- [Test worker] com.yootk.config.DynmaicScheduleConfig   : 设置当前的CRON表达式：*/2 * * * * ?
2021-04-18 14:55:55.581  INFO [] 1684 --- [Test worker] com.yootk.test.TestEvent                 : Started TestEvent in 3.614 seconds (JVM running for 4.868)
2021-04-18 14:55:56.065  INFO [] 1684 --- [SpringContextShutdownHook] o.s.s.concurrent.ThreadPoolTaskExecutor  : Shutting down ExecutorService 'applicationTaskExecutor'
2021-04-18 14:55:57.600 ERROR [] 1684 --- [pool-2-thread-1] o.s.s.s.TaskUtils$LoggingErrorHandler    : Unexpected error occurred in scheduled task

org.springframework.data.redis.RedisConnectionFailureException: Unable to connect to Redis; nested exception is io.lettuce.core.RedisConnectionException: Unable to connect to localhost:6379
	at org.springframework.data.redis.connection.lettuce.LettuceConnectionFactory$ExceptionTranslatingConnectionProvider.translateException(LettuceConnectionFactory.java:1553)
	at org.springframework.data.redis.connection.lettuce.LettuceConnectionFactory$ExceptionTranslatingConnectionProvider.getConnection(LettuceConnectionFactory.java:1461)
	at org.springframework.data.redis.connection.lettuce.LettuceConnectionFactory$SharedConnection.getNativeConnection(LettuceConnectionFactory.java:1247)
	at org.springframework.data.redis.connection.lettuce.LettuceConnectionFactory$SharedConnection.getConnection(LettuceConnectionFactory.java:1230)
	at org.springframework.data.redis.connection.lettuce.LettuceConnectionFactory.getSharedConnection(LettuceConnectionFactory.java:979)
	at org.springframework.data.redis.connection.lettuce.LettuceConnectionFactory.getConnection(LettuceConnectionFactory.java:359)
	at org.springframework.data.redis.core.RedisConnectionUtils.fetchConnection(RedisConnectionUtils.java:193)
	at org.springframework.data.redis.core.RedisConnectionUtils.doGetConnection(RedisConnectionUtils.java:144)
	at org.springframework.data.redis.core.RedisConnectionUtils.getConnection(RedisConnectionUtils.java:105)
	at org.springframework.data.redis.core.RedisTemplate.execute(RedisTemplate.java:209)
	at org.springframework.data.redis.core.RedisTemplate.execute(RedisTemplate.java:189)
	at net.javacrumbs.shedlock.provider.redis.spring.RedisLockProvider.tryToSetExpiration(RedisLockProvider.java:147)
	at net.javacrumbs.shedlock.provider.redis.spring.RedisLockProvider.lock(RedisLockProvider.java:99)
	at java.base/jdk.internal.reflect.NativeMethodAccessorImpl.invoke0(Native Method)
	at java.base/jdk.internal.reflect.NativeMethodAccessorImpl.invoke(NativeMethodAccessorImpl.java:62)
	at java.base/jdk.internal.reflect.DelegatingMethodAccessorImpl.invoke(DelegatingMethodAccessorImpl.java:43)
	at java.base/java.lang.reflect.Method.invoke(Method.java:566)
	at org.springframework.aop.support.AopUtils.invokeJoinpointUsingReflection(AopUtils.java:344)
	at org.springframework.aop.framework.JdkDynamicAopProxy.invoke(JdkDynamicAopProxy.java:208)
	at com.sun.proxy.$Proxy79.lock(Unknown Source)
	at net.javacrumbs.shedlock.core.DefaultLockingTaskExecutor.executeWithLock(DefaultLockingTaskExecutor.java:63)
	at net.javacrumbs.shedlock.spring.aop.MethodProxyScheduledLockAdvisor$LockingInterceptor.invoke(MethodProxyScheduledLockAdvisor.java:86)
	at org.springframework.aop.framework.ReflectiveMethodInvocation.proceed(ReflectiveMethodInvocation.java:186)
	at org.springframework.aop.framework.CglibAopProxy$CglibMethodInvocation.proceed(CglibAopProxy.java:750)
	at org.springframework.aop.framework.CglibAopProxy$DynamicAdvisedInterceptor.intercept(CglibAopProxy.java:692)
	at com.yootk.task.YootkScheduleTask$$EnhancerBySpringCGLIB$$30263391.task(<generated>)
	at com.yootk.config.DynmaicScheduleConfig.lambda$configureTasks$0(DynmaicScheduleConfig.java:22)
	at org.springframework.scheduling.support.DelegatingErrorHandlingRunnable.run(DelegatingErrorHandlingRunnable.java:54)
	at org.springframework.scheduling.concurrent.ReschedulingRunnable.run(ReschedulingRunnable.java:95)
	at java.base/java.util.concurrent.Executors$RunnableAdapter.call(Executors.java:515)
	at java.base/java.util.concurrent.FutureTask.run(FutureTask.java:264)
	at java.base/java.util.concurrent.ScheduledThreadPoolExecutor$ScheduledFutureTask.run(ScheduledThreadPoolExecutor.java:304)
	at java.base/java.util.concurrent.ThreadPoolExecutor.runWorker(ThreadPoolExecutor.java:1128)
	at java.base/java.util.concurrent.ThreadPoolExecutor$Worker.run(ThreadPoolExecutor.java:628)
	at java.base/java.lang.Thread.run(Thread.java:834)
Caused by: io.lettuce.core.RedisConnectionException: Unable to connect to localhost:6379
	at io.lettuce.core.RedisConnectionException.create(RedisConnectionException.java:78)
	at io.lettuce.core.RedisConnectionException.create(RedisConnectionException.java:56)
	at io.lettuce.core.AbstractRedisClient.getConnection(AbstractRedisClient.java:320)
	at io.lettuce.core.RedisClient.connect(RedisClient.java:211)
	at org.springframework.data.redis.connection.lettuce.StandaloneConnectionProvider.lambda$getConnection$1(StandaloneConnectionProvider.java:115)
	at java.base/java.util.Optional.orElseGet(Optional.java:369)
	at org.springframework.data.redis.connection.lettuce.StandaloneConnectionProvider.getConnection(StandaloneConnectionProvider.java:115)
	at org.springframework.data.redis.connection.lettuce.LettuceConnectionFactory$ExceptionTranslatingConnectionProvider.getConnection(LettuceConnectionFactory.java:1459)
	... 33 common frames omitted
Caused by: io.netty.channel.AbstractChannel$AnnotatedConnectException: Connection refused: no further information: localhost/127.0.0.1:6379
Caused by: java.net.ConnectException: Connection refused: no further information
	at java.base/sun.nio.ch.SocketChannelImpl.checkConnect(Native Method)
	at java.base/sun.nio.ch.SocketChannelImpl.finishConnect(SocketChannelImpl.java:779)
	at io.netty.channel.socket.nio.NioSocketChannel.doFinishConnect(NioSocketChannel.java:330)
	at io.netty.channel.nio.AbstractNioChannel$AbstractNioUnsafe.finishConnect(AbstractNioChannel.java:334)
	at io.netty.channel.nio.NioEventLoop.processSelectedKey(NioEventLoop.java:707)
	at io.netty.channel.nio.NioEventLoop.processSelectedKeysOptimized(NioEventLoop.java:655)
	at io.netty.channel.nio.NioEventLoop.processSelectedKeys(NioEventLoop.java:581)
	at io.netty.channel.nio.NioEventLoop.run(NioEventLoop.java:493)
	at io.netty.util.concurrent.SingleThreadEventExecutor$4.run(SingleThreadEventExecutor.java:989)
	at io.netty.util.internal.ThreadExecutorMap$2.run(ThreadExecutorMap.java:74)
	at io.netty.util.concurrent.FastThreadLocalRunnable.run(FastThreadLocalRunnable.java:30)
	at java.base/java.lang.Thread.run(Thread.java:834)

2021-04-18 14:55:57.602  INFO [] 1684 --- [pool-2-thread-1] com.yootk.config.DynmaicScheduleConfig   : 设置当前的CRON表达式：*/2 * * * * ?
2021-04-18 14:57:06.011  INFO [] 1932 --- [Test worker] com.yootk.test.TestEvent                 : Starting TestEvent using Java 11.0.2 on DESKTOP-O838165 with PID 1932 (started by yootk in H:\workspace\idea\muyan_yootk\microboot\microboot-web)
2021-04-18 14:57:06.012  INFO [] 1932 --- [Test worker] com.yootk.test.TestEvent                 : The following profiles are active: env
2021-04-18 14:57:07.505  INFO [] 1932 --- [Test worker] .s.d.r.c.RepositoryConfigurationDelegate : Multiple Spring Data modules found, entering strict repository configuration mode!
2021-04-18 14:57:07.509  INFO [] 1932 --- [Test worker] .s.d.r.c.RepositoryConfigurationDelegate : Bootstrapping Spring Data Redis repositories in DEFAULT mode.
2021-04-18 14:57:07.549  INFO [] 1932 --- [Test worker] .s.d.r.c.RepositoryConfigurationDelegate : Finished Spring Data repository scanning in 11 ms. Found 0 Redis repository interfaces.
2021-04-18 14:57:10.348  INFO [] 1932 --- [Test worker] o.s.s.concurrent.ThreadPoolTaskExecutor  : Initializing ExecutorService 'applicationTaskExecutor'
2021-04-18 14:57:11.366  INFO [] 1932 --- [Test worker] com.yootk.config.DynmaicScheduleConfig   : 设置当前的CRON表达式：*/2 * * * * ?
2021-04-18 14:57:11.375  INFO [] 1932 --- [Test worker] com.yootk.test.TestEvent                 : Started TestEvent in 5.797 seconds (JVM running for 7.072)
2021-04-18 14:57:11.973  INFO [] 1932 --- [Test worker] com.yootk.config.EventListenerConfig     : 【handleYootkEvent()】com.yootk.event.YootkEvent[source=com.yootk.test.TestEvent@37073ebf]
2021-04-18 14:57:12.147  INFO [] 1932 --- [SpringContextShutdownHook] o.s.s.concurrent.ThreadPoolTaskExecutor  : Shutting down ExecutorService 'applicationTaskExecutor'
2021-04-18 14:57:13.938 ERROR [] 1932 --- [pool-2-thread-1] o.s.s.s.TaskUtils$LoggingErrorHandler    : Unexpected error occurred in scheduled task

org.springframework.data.redis.RedisConnectionFailureException: Unable to connect to Redis; nested exception is io.lettuce.core.RedisConnectionException: Unable to connect to localhost:6379
	at org.springframework.data.redis.connection.lettuce.LettuceConnectionFactory$ExceptionTranslatingConnectionProvider.translateException(LettuceConnectionFactory.java:1553)
	at org.springframework.data.redis.connection.lettuce.LettuceConnectionFactory$ExceptionTranslatingConnectionProvider.getConnection(LettuceConnectionFactory.java:1461)
	at org.springframework.data.redis.connection.lettuce.LettuceConnectionFactory$SharedConnection.getNativeConnection(LettuceConnectionFactory.java:1247)
	at org.springframework.data.redis.connection.lettuce.LettuceConnectionFactory$SharedConnection.getConnection(LettuceConnectionFactory.java:1230)
	at org.springframework.data.redis.connection.lettuce.LettuceConnectionFactory.getSharedConnection(LettuceConnectionFactory.java:979)
	at org.springframework.data.redis.connection.lettuce.LettuceConnectionFactory.getConnection(LettuceConnectionFactory.java:359)
	at org.springframework.data.redis.core.RedisConnectionUtils.fetchConnection(RedisConnectionUtils.java:193)
	at org.springframework.data.redis.core.RedisConnectionUtils.doGetConnection(RedisConnectionUtils.java:144)
	at org.springframework.data.redis.core.RedisConnectionUtils.getConnection(RedisConnectionUtils.java:105)
	at org.springframework.data.redis.core.RedisTemplate.execute(RedisTemplate.java:209)
	at org.springframework.data.redis.core.RedisTemplate.execute(RedisTemplate.java:189)
	at net.javacrumbs.shedlock.provider.redis.spring.RedisLockProvider.tryToSetExpiration(RedisLockProvider.java:147)
	at net.javacrumbs.shedlock.provider.redis.spring.RedisLockProvider.lock(RedisLockProvider.java:99)
	at java.base/jdk.internal.reflect.NativeMethodAccessorImpl.invoke0(Native Method)
	at java.base/jdk.internal.reflect.NativeMethodAccessorImpl.invoke(NativeMethodAccessorImpl.java:62)
	at java.base/jdk.internal.reflect.DelegatingMethodAccessorImpl.invoke(DelegatingMethodAccessorImpl.java:43)
	at java.base/java.lang.reflect.Method.invoke(Method.java:566)
	at org.springframework.aop.support.AopUtils.invokeJoinpointUsingReflection(AopUtils.java:344)
	at org.springframework.aop.framework.JdkDynamicAopProxy.invoke(JdkDynamicAopProxy.java:208)
	at com.sun.proxy.$Proxy79.lock(Unknown Source)
	at net.javacrumbs.shedlock.core.DefaultLockingTaskExecutor.executeWithLock(DefaultLockingTaskExecutor.java:63)
	at net.javacrumbs.shedlock.spring.aop.MethodProxyScheduledLockAdvisor$LockingInterceptor.invoke(MethodProxyScheduledLockAdvisor.java:86)
	at org.springframework.aop.framework.ReflectiveMethodInvocation.proceed(ReflectiveMethodInvocation.java:186)
	at org.springframework.aop.framework.CglibAopProxy$CglibMethodInvocation.proceed(CglibAopProxy.java:750)
	at org.springframework.aop.framework.CglibAopProxy$DynamicAdvisedInterceptor.intercept(CglibAopProxy.java:692)
	at com.yootk.task.YootkScheduleTask$$EnhancerBySpringCGLIB$$a0a67051.task(<generated>)
	at com.yootk.config.DynmaicScheduleConfig.lambda$configureTasks$0(DynmaicScheduleConfig.java:22)
	at org.springframework.scheduling.support.DelegatingErrorHandlingRunnable.run(DelegatingErrorHandlingRunnable.java:54)
	at org.springframework.scheduling.concurrent.ReschedulingRunnable.run(ReschedulingRunnable.java:95)
	at java.base/java.util.concurrent.Executors$RunnableAdapter.call(Executors.java:515)
	at java.base/java.util.concurrent.FutureTask.run(FutureTask.java:264)
	at java.base/java.util.concurrent.ScheduledThreadPoolExecutor$ScheduledFutureTask.run(ScheduledThreadPoolExecutor.java:304)
	at java.base/java.util.concurrent.ThreadPoolExecutor.runWorker(ThreadPoolExecutor.java:1128)
	at java.base/java.util.concurrent.ThreadPoolExecutor$Worker.run(ThreadPoolExecutor.java:628)
	at java.base/java.lang.Thread.run(Thread.java:834)
Caused by: io.lettuce.core.RedisConnectionException: Unable to connect to localhost:6379
	at io.lettuce.core.RedisConnectionException.create(RedisConnectionException.java:78)
	at io.lettuce.core.RedisConnectionException.create(RedisConnectionException.java:56)
	at io.lettuce.core.AbstractRedisClient.getConnection(AbstractRedisClient.java:320)
	at io.lettuce.core.RedisClient.connect(RedisClient.java:211)
	at org.springframework.data.redis.connection.lettuce.StandaloneConnectionProvider.lambda$getConnection$1(StandaloneConnectionProvider.java:115)
	at java.base/java.util.Optional.orElseGet(Optional.java:369)
	at org.springframework.data.redis.connection.lettuce.StandaloneConnectionProvider.getConnection(StandaloneConnectionProvider.java:115)
	at org.springframework.data.redis.connection.lettuce.LettuceConnectionFactory$ExceptionTranslatingConnectionProvider.getConnection(LettuceConnectionFactory.java:1459)
	... 33 common frames omitted
Caused by: io.netty.channel.AbstractChannel$AnnotatedConnectException: Connection refused: no further information: localhost/127.0.0.1:6379
Caused by: java.net.ConnectException: Connection refused: no further information
	at java.base/sun.nio.ch.SocketChannelImpl.checkConnect(Native Method)
	at java.base/sun.nio.ch.SocketChannelImpl.finishConnect(SocketChannelImpl.java:779)
	at io.netty.channel.socket.nio.NioSocketChannel.doFinishConnect(NioSocketChannel.java:330)
	at io.netty.channel.nio.AbstractNioChannel$AbstractNioUnsafe.finishConnect(AbstractNioChannel.java:334)
	at io.netty.channel.nio.NioEventLoop.processSelectedKey(NioEventLoop.java:707)
	at io.netty.channel.nio.NioEventLoop.processSelectedKeysOptimized(NioEventLoop.java:655)
	at io.netty.channel.nio.NioEventLoop.processSelectedKeys(NioEventLoop.java:581)
	at io.netty.channel.nio.NioEventLoop.run(NioEventLoop.java:493)
	at io.netty.util.concurrent.SingleThreadEventExecutor$4.run(SingleThreadEventExecutor.java:989)
	at io.netty.util.internal.ThreadExecutorMap$2.run(ThreadExecutorMap.java:74)
	at io.netty.util.concurrent.FastThreadLocalRunnable.run(FastThreadLocalRunnable.java:30)
	at java.base/java.lang.Thread.run(Thread.java:834)

2021-04-18 14:57:13.940  INFO [] 1932 --- [pool-2-thread-1] com.yootk.config.DynmaicScheduleConfig   : 设置当前的CRON表达式：*/2 * * * * ?
2021-04-18 14:57:14.002 ERROR [] 1932 --- [pool-2-thread-1] o.s.s.s.TaskUtils$LoggingErrorHandler    : Unexpected error occurred in scheduled task

org.springframework.beans.factory.BeanCreationNotAllowedException: Error creating bean with name 'lockProvider': Singleton bean creation not allowed while singletons of this factory are in destruction (Do not request a bean from a BeanFactory in a destroy method implementation!)
	at org.springframework.beans.factory.support.DefaultSingletonBeanRegistry.getSingleton(DefaultSingletonBeanRegistry.java:220)
	at org.springframework.beans.factory.support.AbstractBeanFactory.doGetBean(AbstractBeanFactory.java:333)
	at org.springframework.beans.factory.support.AbstractBeanFactory.getBean(AbstractBeanFactory.java:208)
	at org.springframework.beans.factory.config.DependencyDescriptor.resolveCandidate(DependencyDescriptor.java:276)
	at org.springframework.beans.factory.support.DefaultListableBeanFactory.doResolveDependency(DefaultListableBeanFactory.java:1380)
	at org.springframework.context.annotation.ContextAnnotationAutowireCandidateResolver$1.getTarget(ContextAnnotationAutowireCandidateResolver.java:95)
	at org.springframework.aop.framework.JdkDynamicAopProxy.invoke(JdkDynamicAopProxy.java:195)
	at com.sun.proxy.$Proxy79.lock(Unknown Source)
	at net.javacrumbs.shedlock.core.DefaultLockingTaskExecutor.executeWithLock(DefaultLockingTaskExecutor.java:63)
	at net.javacrumbs.shedlock.spring.aop.MethodProxyScheduledLockAdvisor$LockingInterceptor.invoke(MethodProxyScheduledLockAdvisor.java:86)
	at org.springframework.aop.framework.ReflectiveMethodInvocation.proceed(ReflectiveMethodInvocation.java:186)
	at org.springframework.aop.framework.CglibAopProxy$CglibMethodInvocation.proceed(CglibAopProxy.java:750)
	at org.springframework.aop.framework.CglibAopProxy$DynamicAdvisedInterceptor.intercept(CglibAopProxy.java:692)
	at com.yootk.task.YootkScheduleTask$$EnhancerBySpringCGLIB$$a0a67051.task(<generated>)
	at com.yootk.config.DynmaicScheduleConfig.lambda$configureTasks$0(DynmaicScheduleConfig.java:22)
	at org.springframework.scheduling.support.DelegatingErrorHandlingRunnable.run(DelegatingErrorHandlingRunnable.java:54)
	at org.springframework.scheduling.concurrent.ReschedulingRunnable.run(ReschedulingRunnable.java:95)
	at java.base/java.util.concurrent.Executors$RunnableAdapter.call(Executors.java:515)
	at java.base/java.util.concurrent.FutureTask.run(FutureTask.java:264)
	at java.base/java.util.concurrent.ScheduledThreadPoolExecutor$ScheduledFutureTask.run(ScheduledThreadPoolExecutor.java:304)
	at java.base/java.util.concurrent.ThreadPoolExecutor.runWorker(ThreadPoolExecutor.java:1128)
	at java.base/java.util.concurrent.ThreadPoolExecutor$Worker.run(ThreadPoolExecutor.java:628)
	at java.base/java.lang.Thread.run(Thread.java:834)

2021-04-18 14:57:14.002  INFO [] 1932 --- [pool-2-thread-1] com.yootk.config.DynmaicScheduleConfig   : 设置当前的CRON表达式：*/2 * * * * ?
2021-04-18 14:58:31.956  INFO [] 4816 --- [Test worker] com.yootk.test.TestEvent                 : Starting TestEvent using Java 11.0.2 on DESKTOP-O838165 with PID 4816 (started by yootk in H:\workspace\idea\muyan_yootk\microboot\microboot-web)
2021-04-18 14:58:31.966  INFO [] 4816 --- [Test worker] com.yootk.test.TestEvent                 : The following profiles are active: env
2021-04-18 14:58:34.497  INFO [] 4816 --- [Test worker] o.s.s.concurrent.ThreadPoolTaskExecutor  : Initializing ExecutorService 'applicationTaskExecutor'
2021-04-18 14:58:35.166  INFO [] 4816 --- [Test worker] o.s.s.c.ThreadPoolTaskScheduler          : Initializing ExecutorService 'taskScheduler'
2021-04-18 14:58:35.221  INFO [] 4816 --- [Test worker] com.yootk.test.TestEvent                 : Started TestEvent in 3.867 seconds (JVM running for 5.316)
2021-04-18 14:58:35.652  INFO [] 4816 --- [Test worker] com.yootk.config.EventListenerConfig     : 【handleYootkEvent()】com.yootk.event.YootkEvent[source=com.yootk.test.TestEvent@67c880cd]
2021-04-18 14:58:35.690  INFO [] 4816 --- [SpringContextShutdownHook] o.s.s.c.ThreadPoolTaskScheduler          : Shutting down ExecutorService 'taskScheduler'
2021-04-18 14:58:35.691  INFO [] 4816 --- [SpringContextShutdownHook] o.s.s.concurrent.ThreadPoolTaskExecutor  : Shutting down ExecutorService 'applicationTaskExecutor'
2021-04-18 15:00:57.873  INFO [] 436 --- [Test worker] com.yootk.test.TestEvent                 : Starting TestEvent using Java 11.0.2 on DESKTOP-O838165 with PID 436 (started by yootk in H:\workspace\idea\muyan_yootk\microboot\microboot-web)
2021-04-18 15:00:57.874  INFO [] 436 --- [Test worker] com.yootk.test.TestEvent                 : The following profiles are active: env
2021-04-18 15:00:59.369  INFO [] 436 --- [Test worker] o.s.s.concurrent.ThreadPoolTaskExecutor  : Initializing ExecutorService 'applicationTaskExecutor'
2021-04-18 15:00:59.894  INFO [] 436 --- [Test worker] o.s.s.c.ThreadPoolTaskScheduler          : Initializing ExecutorService 'taskScheduler'
2021-04-18 15:00:59.934  INFO [] 436 --- [Test worker] com.yootk.test.TestEvent                 : Started TestEvent in 2.474 seconds (JVM running for 3.741)
2021-04-18 15:01:00.354  INFO [] 436 --- [SpringContextShutdownHook] o.s.s.c.ThreadPoolTaskScheduler          : Shutting down ExecutorService 'taskScheduler'
2021-04-18 15:01:00.357  INFO [] 436 --- [SpringContextShutdownHook] o.s.s.concurrent.ThreadPoolTaskExecutor  : Shutting down ExecutorService 'applicationTaskExecutor'
2021-04-18 15:01:27.192  INFO [] 10560 --- [Test worker] com.yootk.test.TestEvent                 : Starting TestEvent using Java 11.0.2 on DESKTOP-O838165 with PID 10560 (started by yootk in H:\workspace\idea\muyan_yootk\microboot\microboot-web)
2021-04-18 15:01:27.193  INFO [] 10560 --- [Test worker] com.yootk.test.TestEvent                 : The following profiles are active: env
2021-04-18 15:01:29.228  INFO [] 10560 --- [Test worker] o.s.s.concurrent.ThreadPoolTaskExecutor  : Initializing ExecutorService 'applicationTaskExecutor'
2021-04-18 15:01:30.416  INFO [] 10560 --- [Test worker] o.s.s.c.ThreadPoolTaskScheduler          : Initializing ExecutorService 'taskScheduler'
2021-04-18 15:01:30.486  INFO [] 10560 --- [Test worker] com.yootk.test.TestEvent                 : Started TestEvent in 3.755 seconds (JVM running for 4.917)
2021-04-18 15:01:31.043  INFO [] 10560 --- [Test worker] com.yootk.config.EventListenerConfig     : 【handleYootkEventByCondition()】com.yootk.event.YootkEvent[source=com.yootk.test.TestEvent@6b2ce045]
2021-04-18 15:01:31.077  INFO [] 10560 --- [SpringContextShutdownHook] o.s.s.c.ThreadPoolTaskScheduler          : Shutting down ExecutorService 'taskScheduler'
2021-04-18 15:01:31.084  INFO [] 10560 --- [SpringContextShutdownHook] o.s.s.concurrent.ThreadPoolTaskExecutor  : Shutting down ExecutorService 'applicationTaskExecutor'
2021-04-18 15:03:39.121  INFO [] 9808 --- [Test worker] com.yootk.test.TestEvent                 : Starting TestEvent using Java 11.0.2 on DESKTOP-O838165 with PID 9808 (started by yootk in H:\workspace\idea\muyan_yootk\microboot\microboot-web)
2021-04-18 15:03:39.123  INFO [] 9808 --- [Test worker] com.yootk.test.TestEvent                 : The following profiles are active: env
2021-04-18 15:03:40.621  INFO [] 9808 --- [Test worker] o.s.s.concurrent.ThreadPoolTaskExecutor  : Initializing ExecutorService 'applicationTaskExecutor'
2021-04-18 15:03:41.186  INFO [] 9808 --- [Test worker] o.s.s.c.ThreadPoolTaskScheduler          : Initializing ExecutorService 'taskScheduler'
2021-04-18 15:03:41.223  INFO [] 9808 --- [Test worker] com.yootk.test.TestEvent                 : Started TestEvent in 2.58 seconds (JVM running for 3.847)
2021-04-18 15:03:41.633  INFO [] 9808 --- [SpringContextShutdownHook] o.s.s.c.ThreadPoolTaskScheduler          : Shutting down ExecutorService 'taskScheduler'
2021-04-18 15:03:41.634  INFO [] 9808 --- [SpringContextShutdownHook] o.s.s.concurrent.ThreadPoolTaskExecutor  : Shutting down ExecutorService 'applicationTaskExecutor'
2021-04-18 15:04:22.414  INFO [] 14668 --- [Test worker] com.yootk.test.TestEvent                 : Starting TestEvent using Java 11.0.2 on DESKTOP-O838165 with PID 14668 (started by yootk in H:\workspace\idea\muyan_yootk\microboot\microboot-web)
2021-04-18 15:04:22.415  INFO [] 14668 --- [Test worker] com.yootk.test.TestEvent                 : The following profiles are active: env
2021-04-18 15:04:24.975  INFO [] 14668 --- [Test worker] o.s.s.concurrent.ThreadPoolTaskExecutor  : Initializing ExecutorService 'applicationTaskExecutor'
2021-04-18 15:04:25.774  INFO [] 14668 --- [Test worker] o.s.s.c.ThreadPoolTaskScheduler          : Initializing ExecutorService 'taskScheduler'
2021-04-18 15:04:25.843  INFO [] 14668 --- [Test worker] com.yootk.test.TestEvent                 : Started TestEvent in 3.861 seconds (JVM running for 5.088)
2021-04-18 15:04:26.518  INFO [] 14668 --- [Test worker] com.yootk.config.EventListenerConfig     : 【handleYootkEventByContent()】Message(title=yootk, url=www.yootk.com)
2021-04-18 15:04:26.568  INFO [] 14668 --- [SpringContextShutdownHook] o.s.s.c.ThreadPoolTaskScheduler          : Shutting down ExecutorService 'taskScheduler'
2021-04-18 15:04:26.569  INFO [] 14668 --- [SpringContextShutdownHook] o.s.s.concurrent.ThreadPoolTaskExecutor  : Shutting down ExecutorService 'applicationTaskExecutor'
